2025-07-03T13:35:27.128516 | insert | {'document': {'name': 'Shakir', 'age': 22, 'city': 'Lucknow', '_id': ObjectId('6866871e6588842e15944efd')}}
[2025-07-03T16:51:33.574105] ACTION: INSERT | DATA: {'document': {'name': 'Karan', 'age': 1995, 'city': 'Jaipur', '_id': ObjectId('6866b515f697cf5fa0270351')}}
[2025-07-03T16:52:36.695462] ACTION: DELETE | DATA: {'filter': {'name': 'Karan'}}
[2025-07-03T16:55:00.896271] ACTION: INSERT | DATA: {'document': {'name': 'Karan', 'city': 'Jaipur', 'age': 30, '_id': ObjectId('6866b5e4bab5480dcb859946')}}
[2025-07-03T17:00:51.677542] ACTION: DELETE | DATA: {'filter': {'name': 'Karan', 'city': 'Jaipur'}}
[2025-07-03T17:09:24.624384] ACTION: INSERT | DATA: {'document': {'name': 'Arham', 'age': 28, 'city': 'Delhi', '_id': ObjectId('6866b94417eca9785794797b')}}
[2025-07-03T17:32:35.896486] ACTION: INSERT | DATA: {'document': {'name': 'Shahid', 'age': 14, 'city': 'Sitapur', '_id': ObjectId('6866beb35767f047942400f2')}}
[2025-07-03T17:58:49.737313] ACTION: INSERT | DATA: {'document': {'name': 'Rahul', 'city': 'Kanpur', 'age': 25, '_id': ObjectId('6866c4d9562cca0ee1a2d7bc')}}
[2025-07-03T17:59:48.097672] ACTION: INSERT | DATA: {'document': {'name': 'Meena', 'age': 25, 'city': 'Mumbai', '_id': ObjectId('6866c514562cca0ee1a2d7be')}}
[2025-07-03T18:00:36.740340] ACTION: DELETE | DATA: {'filter': {'name': 'Meena'}}
[2025-07-03T18:03:49.200221] ACTION: INSERT | DATA: {'document': {'name': 'Mohit', 'age': 45, 'city': 'Lucknow', '_id': ObjectId('6866c605562cca0ee1a2d7c1')}}
[2025-07-03T18:08:54.674842] ACTION: INSERT | DATA: {'document': {'name': 'Anjali', 'city': 'Varanasi', 'age': 35, '_id': ObjectId('6866c736562cca0ee1a2d7c3')}}
[2025-07-03T18:25:12.211566] ACTION: INSERT | DATA: {'document': {'name': 'Ankit', 'age': 28, 'city': 'Delhi', '_id': ObjectId('6866cb08790e6fe3ceb19964')}}
[2025-07-03T18:31:23.527731] ACTION: INSERT | DATA: {'document': {'name': 'Raj', 'age': 25, 'city': 'Delhi', '_id': ObjectId('6866cc7bf41abf74ef8374fb')}}
[2025-07-03T18:47:01.511030] ACTION: INSERT | DATA: {'document': {'name': 'Rani', 'city': 'Lucknow', 'age': 32, '_id': ObjectId('6866d025a58283e67e3b6262')}}
[2025-07-04T11:47:30.011740] ACTION: INSERT | DATA: {'document': {'name': 'Aditya', 'age': 26, 'city': 'Mumbai', '_id': ObjectId('6867bf51ad2c1cc7a1be7914')}}
[2025-07-04T11:56:01.996093] ACTION: INSERT | DATA: {'document': {'name': 'Areeb', 'age': 24, 'city': 'Varanasi', '_id': ObjectId('6867c151ad2c1cc7a1be7916')}}
[2025-07-04T12:03:36.925255] ACTION: INSERT | DATA: {'document': {'name': 'Raj', 'age': 33, 'city': 'Delhi', '_id': ObjectId('6867c3181cb867d8724fa454')}}
[2025-07-04T12:07:59.434490] ACTION: DELETE | DATA: {'filter': {'name': 'Raj'}}
[2025-07-04T12:20:50.713086] ACTION: INSERT | DATA: {'document': {'name': 'Raj', 'city': 'Agra', 'age': 25, '_id': ObjectId('6867c722ceeba570ebde118a')}}
[2025-07-04T12:22:08.749067] ACTION: DELETE | DATA: {'filter': {'name': 'Raj'}}
